<?xml version="1.0" encoding="utf-8"?><testsuites name="pytest tests"><testsuite name="pytest" errors="0" failures="0" skipped="0" tests="10" time="5.691" timestamp="2026-05-08T20:39:42.205365+00:00" hostname="agent-env-7bf43c90-1613-4c28-a008-125a9fed3aa1"><testcase classname="backend.tests.backend_test" name="test_unauth_photos_returns_401" time="0.236" /><testcase classname="backend.tests.backend_test" name="test_auth_me" time="0.159" /><testcase classname="backend.tests.backend_test" name="test_photos_returns_12" time="0.048" /><testcase classname="backend.tests.backend_test" name="test_videos_returns_4" time="0.045" /><testcase classname="backend.tests.backend_test" name="test_documents_returns_8" time="0.053" /><testcase classname="backend.tests.backend_test" name="test_storage_info" time="0.050" /><testcase classname="backend.tests.backend_test" name="test_folders" time="0.046" /><testcase classname="backend.tests.backend_test" name="test_ai_search_summer_2024" time="2.337" /><testcase classname="backend.tests.backend_test" name="test_ai_search_factures" time="2.348" /><testcase classname="backend.tests.backend_test" name="test_favorites_roundtrip" time="0.208" /></testsuite></testsuites>